

times in msec
 clock   self+sourced   self:  sourced script
 clock   elapsed:              other lines

000.958  000.958: --- NVIM STARTING ---
014.725  013.768: locale set
020.301  005.575: inits 1
020.314  000.014: window checked
020.316  000.002: parsing arguments
020.378  000.062: expanding arguments
020.411  000.032: inits 2
020.860  000.449: init highlight
021.016  000.156: waiting for UI
022.632  001.615: done waiting for UI
022.683  000.052: initialized screen early for UI
027.466  000.241  000.241: sourcing /tmp/.mount_nvimV42ddQ/usr/share/nvim/runtime/syntax/syncolor.vim
027.573  000.434  000.193: sourcing /tmp/.mount_nvimV42ddQ/usr/share/nvim/runtime/syntax/synload.vim
033.203  005.530  005.530: sourcing /tmp/.mount_nvimV42ddQ/usr/share/nvim/runtime/filetype.vim
033.259  007.325  001.360: sourcing /tmp/.mount_nvimV42ddQ/usr/share/nvim/runtime/syntax/syntax.vim
033.373  000.022  000.022: sourcing /tmp/.mount_nvimV42ddQ/usr/share/nvim/runtime/filetype.vim
033.931  000.390  000.390: sourcing /tmp/.mount_nvimV42ddQ/usr/share/nvim/runtime/ftplugin.vim
034.455  000.414  000.414: sourcing /tmp/.mount_nvimV42ddQ/usr/share/nvim/runtime/indent.vim
034.960  000.131  000.131: sourcing /tmp/.mount_nvimV42ddQ/usr/share/nvim/runtime/syntax/syncolor.vim
035.664  000.146  000.146: sourcing /tmp/.mount_nvimV42ddQ/usr/share/nvim/runtime/syntax/syncolor.vim
036.064  000.113  000.113: sourcing /tmp/.mount_nvimV42ddQ/usr/share/nvim/runtime/syntax/syncolor.vim
037.967  003.384  002.993: sourcing /home/jingde/.config/nvim/colors/vim-keitoku.vim
039.331  001.144  001.144: sourcing /home/jingde/.local/share/nvim/site/autoload/plug.vim
041.650  000.294  000.294: sourcing /tmp/.mount_nvimV42ddQ/usr/share/nvim/runtime/ftoff.vim
048.316  004.749  004.749: sourcing /tmp/.mount_nvimV42ddQ/usr/share/nvim/runtime/filetype.vim
048.473  000.011  000.011: sourcing /tmp/.mount_nvimV42ddQ/usr/share/nvim/runtime/ftplugin.vim
048.620  000.009  000.009: sourcing /tmp/.mount_nvimV42ddQ/usr/share/nvim/runtime/indent.vim
049.166  026.412  008.671: sourcing /home/jingde/.config/nvim/init.vim
049.170  000.075: sourcing vimrc file(s)
049.870  000.125  000.125: sourcing /home/jingde/.config/nvim/plugged/nerdtree/autoload/nerdtree.vim
050.767  000.412  000.412: sourcing /home/jingde/.config/nvim/plugged/nerdtree/lib/nerdtree/path.vim
050.879  000.086  000.086: sourcing /home/jingde/.config/nvim/plugged/nerdtree/lib/nerdtree/menu_controller.vim
050.954  000.052  000.052: sourcing /home/jingde/.config/nvim/plugged/nerdtree/lib/nerdtree/menu_item.vim
051.046  000.067  000.067: sourcing /home/jingde/.config/nvim/plugged/nerdtree/lib/nerdtree/key_map.vim
051.212  000.143  000.143: sourcing /home/jingde/.config/nvim/plugged/nerdtree/lib/nerdtree/bookmark.vim
051.403  000.164  000.164: sourcing /home/jingde/.config/nvim/plugged/nerdtree/lib/nerdtree/tree_file_node.vim
051.711  000.282  000.282: sourcing /home/jingde/.config/nvim/plugged/nerdtree/lib/nerdtree/tree_dir_node.vim
051.857  000.122  000.122: sourcing /home/jingde/.config/nvim/plugged/nerdtree/lib/nerdtree/opener.vim
052.031  000.150  000.150: sourcing /home/jingde/.config/nvim/plugged/nerdtree/lib/nerdtree/creator.vim
052.084  000.030  000.030: sourcing /home/jingde/.config/nvim/plugged/nerdtree/lib/nerdtree/flag_set.vim
052.199  000.092  000.092: sourcing /home/jingde/.config/nvim/plugged/nerdtree/lib/nerdtree/nerdtree.vim
052.422  000.198  000.198: sourcing /home/jingde/.config/nvim/plugged/nerdtree/lib/nerdtree/ui.vim
052.458  000.014  000.014: sourcing /home/jingde/.config/nvim/plugged/nerdtree/lib/nerdtree/event.vim
052.506  000.025  000.025: sourcing /home/jingde/.config/nvim/plugged/nerdtree/lib/nerdtree/notifier.vim
052.819  000.288  000.288: sourcing /home/jingde/.config/nvim/plugged/nerdtree/autoload/nerdtree/ui_glue.vim
054.834  000.068  000.068: sourcing /home/jingde/.config/nvim/plugged/nerdtree/nerdtree_plugin/exec_menuitem.vim
182.543  127.250  127.250: sourcing /tmp/.mount_nvimV42ddQ/usr/share/nvim/runtime/autoload/provider/clipboard.vim
183.056  128.207  000.957: sourcing /home/jingde/.config/nvim/plugged/nerdtree/nerdtree_plugin/fs_menu.vim
183.232  000.103  000.103: sourcing /home/jingde/.config/nvim/plugged/nerdtree/nerdtree_plugin/vcs.vim
183.979  000.577  000.577: sourcing /home/jingde/.config/nvim/plugged/vim-devicons/nerdtree_plugin/webdevicons.vim
184.766  135.301  004.096: sourcing /home/jingde/.config/nvim/plugged/nerdtree/plugin/NERD_tree.vim
187.913  003.025  003.025: sourcing /home/jingde/.config/nvim/plugged/vim-devicons/plugin/webdevicons.vim
188.620  000.211  000.211: sourcing /home/jingde/.config/nvim/plugged/vim-gitgutter/autoload/gitgutter/utility.vim
189.282  000.195  000.195: sourcing /home/jingde/.config/nvim/plugged/vim-gitgutter/autoload/gitgutter/highlight.vim
190.552  002.529  002.123: sourcing /home/jingde/.config/nvim/plugged/vim-gitgutter/plugin/gitgutter.vim
190.992  000.320  000.320: sourcing /home/jingde/.config/nvim/plugged/vim-interestingwords/plugin/interestingwords.vim
191.388  000.144  000.144: sourcing /home/jingde/.config/nvim/plugged/coc.nvim/autoload/coc/rpc.vim
192.633  001.135  001.135: sourcing /home/jingde/.config/nvim/plugged/coc.nvim/autoload/coc/util.vim
193.410  000.582  000.582: sourcing /home/jingde/.config/nvim/plugged/coc.nvim/autoload/coc/client.vim
197.248  006.138  004.277: sourcing /home/jingde/.config/nvim/plugged/coc.nvim/plugin/coc.vim
197.829  000.110  000.110: sourcing /home/jingde/.config/nvim/plugged/vim-airline/autoload/airline/init.vim
198.302  000.213  000.213: sourcing /home/jingde/.config/nvim/plugged/vim-airline/autoload/airline/parts.vim
199.458  000.382  000.382: sourcing /home/jingde/.config/nvim/plugged/vim-airline/autoload/airline/util.vim
199.516  002.190  001.486: sourcing /home/jingde/.config/nvim/plugged/vim-airline/plugin/airline.vim
199.611  000.035  000.035: sourcing /home/jingde/.config/nvim/plugged/vim-airline-themes/plugin/airline-themes.vim
200.336  000.666  000.666: sourcing /home/jingde/.config/nvim/plugged/LeaderF/plugin/leaderf.vim
200.579  000.186  000.186: sourcing /home/jingde/.config/nvim/plugged/vim-gutentags/plugin/gutentags.vim
200.769  000.137  000.137: sourcing /home/jingde/.config/nvim/plugged/vterm/plugin/vterm.vim
201.200  000.200  000.200: sourcing /home/jingde/.config/nvim/plugged/vim-visual-multi/autoload/vm/plugs.vim
201.697  000.142  000.142: sourcing /home/jingde/.config/nvim/plugged/vim-visual-multi/autoload/vm/maps.vim
201.882  000.093  000.093: sourcing /home/jingde/.config/nvim/plugged/vim-visual-multi/autoload/vm/maps/all.vim
202.978  002.140  001.704: sourcing /home/jingde/.config/nvim/plugged/vim-visual-multi/plugin/visual-multi.vim
203.392  000.218  000.218: sourcing /home/jingde/.config/nvim/plugged/ctrlsf.vim/autoload/ctrlsf/backend.vim
203.717  000.679  000.462: sourcing /home/jingde/.config/nvim/plugged/ctrlsf.vim/plugin/ctrlsf.vim
203.821  000.030  000.030: sourcing /home/jingde/.config/nvim/plugged/vim-snippets/plugin/vimsnippets.vim
205.128  000.055  000.055: sourcing /home/jingde/.config/nvim/plugged/TagHighlight/autoload/TagHighlight/LoadDataFile.vim
221.688  017.474  017.419: sourcing /home/jingde/.config/nvim/plugged/TagHighlight/plugin/TagHighlight.vim
226.875  005.101  005.101: sourcing /home/jingde/.config/nvim/plugged/vim-buffet/plugin/buffet.vim
230.510  003.566  003.566: sourcing /home/jingde/.config/nvim/plugged/nerdcommenter/plugin/NERD_commenter.vim
235.070  004.496  004.496: sourcing /home/jingde/.config/nvim/plugged/vim-easymotion/plugin/EasyMotion.vim
236.295  000.642  000.642: sourcing /tmp/.mount_nvimV42ddQ/usr/share/nvim/runtime/plugin/gzip.vim
236.352  000.022  000.022: sourcing /tmp/.mount_nvimV42ddQ/usr/share/nvim/runtime/plugin/health.vim
236.461  000.078  000.078: sourcing /tmp/.mount_nvimV42ddQ/usr/share/nvim/runtime/plugin/man.vim
237.654  000.673  000.673: sourcing /tmp/.mount_nvimV42ddQ/usr/share/nvim/runtime/pack/dist/opt/matchit/plugin/matchit.vim
237.703  001.210  000.537: sourcing /tmp/.mount_nvimV42ddQ/usr/share/nvim/runtime/plugin/matchit.vim
237.893  000.155  000.155: sourcing /tmp/.mount_nvimV42ddQ/usr/share/nvim/runtime/plugin/matchparen.vim
238.420  000.493  000.493: sourcing /tmp/.mount_nvimV42ddQ/usr/share/nvim/runtime/plugin/netrwPlugin.vim
238.620  000.141  000.141: sourcing /tmp/.mount_nvimV42ddQ/usr/share/nvim/runtime/plugin/rplugin.vim
238.765  000.106  000.106: sourcing /tmp/.mount_nvimV42ddQ/usr/share/nvim/runtime/plugin/shada.vim
238.837  000.033  000.033: sourcing /tmp/.mount_nvimV42ddQ/usr/share/nvim/runtime/plugin/spellfile.vim
239.096  000.207  000.207: sourcing /tmp/.mount_nvimV42ddQ/usr/share/nvim/runtime/plugin/tarPlugin.vim
239.323  000.172  000.172: sourcing /tmp/.mount_nvimV42ddQ/usr/share/nvim/runtime/plugin/tohtml.vim
239.467  000.089  000.089: sourcing /tmp/.mount_nvimV42ddQ/usr/share/nvim/runtime/plugin/tutor.vim
239.685  000.171  000.171: sourcing /tmp/.mount_nvimV42ddQ/usr/share/nvim/runtime/plugin/zipPlugin.vim
239.695  002.991: loading plugins
239.790  000.094: loading packages
240.121  000.136  000.136: sourcing /home/jingde/.config/nvim/plugged/vim-airline/autoload/airline.vim
240.147  000.248  000.112: sourcing /home/jingde/.config/nvim/plugged/ctrlsf.vim/after/plugin/ctrlsf.vim
240.177  000.139: loading after plugins
240.192  000.015: inits 3
241.350  001.158: reading ShaDa
241.942  000.221  000.221: sourcing /home/jingde/.config/nvim/plugged/vim-airline/autoload/airline/extensions.vim
242.066  000.044  000.044: sourcing /home/jingde/.config/nvim/plugged/vim-airline/autoload/airline/extensions/quickfix.vim
242.200  000.028  000.028: sourcing /home/jingde/.config/nvim/plugged/vim-airline/autoload/airline/extensions/netrw.vim
242.439  000.051  000.051: sourcing /home/jingde/.config/nvim/plugged/vim-airline/autoload/airline/section.vim
242.713  000.149  000.149: sourcing /home/jingde/.config/nvim/plugged/vim-airline/autoload/airline/highlighter.vim
242.849  000.560  000.360: sourcing /home/jingde/.config/nvim/plugged/vim-airline/autoload/airline/extensions/term.vim
243.032  000.060  000.060: sourcing /home/jingde/.config/nvim/plugged/vim-airline/autoload/airline/extensions/hunks.vim
243.172  000.046  000.046: sourcing /home/jingde/.config/nvim/plugged/vim-airline/autoload/airline/extensions/tagbar.vim
243.427  000.039  000.039: sourcing /home/jingde/.config/nvim/plugged/vim-airline/autoload/airline/extensions/coc.vim
243.642  000.098  000.098: sourcing /home/jingde/.config/nvim/plugged/vim-airline/autoload/airline/extensions/whitespace.vim
243.882  000.072  000.072: sourcing /home/jingde/.config/nvim/plugged/vim-airline/autoload/airline/extensions/wordcount.vim
244.096  000.125  000.125: sourcing /home/jingde/.config/nvim/plugged/vim-airline/autoload/airline/extensions/tabline.vim
244.228  000.040  000.040: sourcing /home/jingde/.config/nvim/plugged/vim-airline/autoload/airline/extensions/tabline/autoshow.vim
244.440  000.072  000.072: sourcing /home/jingde/.config/nvim/plugged/vim-airline/autoload/airline/extensions/tabline/tabs.vim
244.676  000.129  000.129: sourcing /home/jingde/.config/nvim/plugged/vim-airline/autoload/airline/extensions/tabline/buffers.vim
244.871  000.022  000.022: sourcing /home/jingde/.config/nvim/plugged/vim-airline/autoload/airline/extensions/gutentags.vim
244.993  000.023  000.023: sourcing /home/jingde/.config/nvim/plugged/vim-airline/autoload/airline/extensions/keymap.vim
245.603  000.495  000.495: sourcing /home/jingde/.config/nvim/plugged/vimtex/autoload/vimtex.vim
245.783  000.116  000.116: sourcing /home/jingde/.config/nvim/plugged/vim-airline/autoload/airline/extensions/vimtex.vim
249.974  000.044  000.044: sourcing /home/jingde/.config/nvim/plugged/vim-airline/autoload/airline/themes.vim
250.264  000.432  000.388: sourcing /home/jingde/.config/nvim/plugged/onehalf/vim/autoload/airline/themes/onehalfdark.vim
252.030  000.319  000.319: sourcing /home/jingde/.config/nvim/plugged/onehalf/vim/autoload/airline/themes/onehalfdark.vim
269.687  000.120  000.120: sourcing /home/jingde/.config/nvim/plugged/vim-airline/autoload/airline/builder.vim
270.041  000.065  000.065: sourcing /home/jingde/.config/nvim/plugged/vim-airline/autoload/airline/extensions/default.vim
287.127  042.651: opening buffers
287.358  000.133  000.133: sourcing /home/jingde/.config/nvim/plugged/vim-gitgutter/autoload/gitgutter.vim
287.601  000.056  000.056: sourcing /home/jingde/.config/nvim/plugged/LeaderF/autoload/lfMru.vim
287.712  000.395: BufEnter autocommands
287.715  000.003: editing files in windows
288.951  000.050  000.050: sourcing /home/jingde/.config/nvim/plugged/vim-airline/autoload/airline/extensions/tabline/buflist.vim
301.332  001.136  001.136: sourcing /tmp/.mount_nvimV42ddQ/usr/share/nvim/runtime/syntax/python.vim
302.039  000.130  000.130: sourcing /home/jingde/.config/nvim/plugged/TagHighlight/autoload/TagHighlight/ReadTypes.vim
302.235  000.086  000.086: sourcing /home/jingde/.config/nvim/plugged/TagHighlight/autoload/TagHighlight/Option.vim
316.806  000.073  000.073: sourcing /home/jingde/.config/nvim/plugged/TagHighlight/autoload/TagHighlight/Debug.vim
319.391  000.126  000.126: sourcing /tmp/.mount_nvimV42ddQ/usr/share/nvim/runtime/autoload/provider/pythonx.vim
319.767  000.165  000.165: sourcing /tmp/.mount_nvimV42ddQ/usr/share/nvim/runtime/autoload/remote/host.vim
319.853  001.246  000.955: sourcing /tmp/.mount_nvimV42ddQ/usr/share/nvim/runtime/autoload/provider/python3.vim
320.404  002.629  001.383: sourcing /tmp/.mount_nvimV42ddQ/usr/share/nvim/runtime/ftplugin/python.vim
321.659  000.511  000.511: sourcing /tmp/.mount_nvimV42ddQ/usr/share/nvim/runtime/indent/python.vim
323.733  000.073  000.073: sourcing /home/jingde/.config/nvim/plugged/python-mode/autoload/pymode.vim
323.921  000.014  000.014: sourcing /tmp/.mount_nvimV42ddQ/usr/share/nvim/runtime/filetype.vim
324.144  000.011  000.011: sourcing /tmp/.mount_nvimV42ddQ/usr/share/nvim/runtime/ftplugin.vim
324.788  000.012  000.012: sourcing /tmp/.mount_nvimV42ddQ/usr/share/nvim/runtime/filetype.vim
324.975  000.011  000.011: sourcing /tmp/.mount_nvimV42ddQ/usr/share/nvim/runtime/ftplugin.vim
325.083  001.491  001.369: sourcing /home/jingde/.config/nvim/plugged/python-mode/plugin/pymode.vim
325.232  000.036  000.036: sourcing /home/jingde/.config/nvim/plugged/python-mode/syntax/python.vim
325.980  000.053  000.053: sourcing /tmp/.mount_nvimV42ddQ/usr/share/nvim/runtime/autoload/provider.vim
386.284  002.485  002.485: sourcing /home/jingde/.config/nvim/plugged/python-mode/autoload/pymode/virtualenv.vim
386.403  000.034  000.034: sourcing /home/jingde/.config/nvim/plugged/python-mode/autoload/pymode/breakpoint.vim
389.401  063.764  061.192: sourcing /home/jingde/.config/nvim/plugged/python-mode/ftplugin/python/pymode.vim
390.248  000.571  000.571: sourcing /tmp/.mount_nvimV42ddQ/usr/share/nvim/runtime/ftplugin/python.vim
391.095  000.351  000.351: sourcing /home/jingde/.config/nvim/plugged/python-mode/after/ftplugin/python.vim
391.447  000.040  000.040: sourcing /tmp/.mount_nvimV42ddQ/usr/share/nvim/runtime/indent/python.vim
391.549  000.041  000.041: sourcing /home/jingde/.config/nvim/plugged/python-mode/after/indent/python.vim
397.892  000.331  000.331: sourcing /home/jingde/.config/nvim/plugged/vim-gutentags/autoload/gutentags.vim
398.580  000.198  000.198: sourcing /home/jingde/.config/nvim/plugged/vim-gutentags/autoload/gutentags/ctags.vim
401.873  000.176  000.176: sourcing /home/jingde/.config/nvim/plugged/TagHighlight/autoload/TagHighlight/Find.vim
413.654  000.099  000.099: sourcing /home/jingde/.config/nvim/plugged/TagHighlight/autoload/TagHighlight/Libraries.vim
416.435  000.066  000.066: sourcing /home/jingde/.config/nvim/plugged/vim-gitgutter/autoload/gitgutter/async.vim
416.565  000.071  000.071: sourcing /home/jingde/.config/nvim/plugged/vim-gitgutter/autoload/gitgutter/debug.vim
418.155  129.530  057.678: sourcing /home/jingde/work/bcc/.Session.vim
538.524  000.063  000.063: sourcing /home/jingde/.config/nvim/plugged/python-mode/autoload/pymode/tools/signs.vim
538.760  000.062  000.062: sourcing /home/jingde/.config/nvim/plugged/python-mode/autoload/pymode/tools/loclist.vim
538.814  112.606  112.480: sourcing /home/jingde/.config/nvim/plugged/python-mode/autoload/pymode/lint.vim
547.867  000.792  000.792: sourcing /tmp/.mount_nvimV42ddQ/usr/share/nvim/runtime/scripts.vim
552.069  000.363  000.363: sourcing /home/jingde/.config/nvim/plugged/nerdtree/syntax/nerdtree.vim
579.736  026.956  026.956: sourcing /home/jingde/.config/nvim/plugged/vim-nerdtree-syntax-highlight/after/syntax/nerdtree.vim
596.208  000.088  000.088: sourcing /home/jingde/.config/nvim/plugged/vim-airline/autoload/airline/extensions/tabline/ctrlspace.vim
596.364  000.081  000.081: sourcing /home/jingde/.config/nvim/plugged/vim-airline/autoload/airline/extensions/tabline/tabws.vim
596.782  000.107  000.107: sourcing /home/jingde/.config/nvim/plugged/vim-airline/autoload/airline/extensions/tabline/builder.vim
599.374  000.020  000.020: sourcing /home/jingde/.config/nvim/plugged/vim-devicons/autoload/airline/extensions/tabline/formatters/webdevicons.vim
599.495  000.043  000.043: sourcing /home/jingde/.config/nvim/plugged/vim-airline/autoload/airline/extensions/tabline/formatters/default.vim
640.383  082.080: VimEnter autocommands
640.389  000.006: UIEnter autocommands
640.392  000.003: before starting main loop
676.521  000.287  000.287: sourcing /home/jingde/.config/nvim/plugged/vim-gitgutter/autoload/gitgutter/hunk.vim
678.348  037.669: first screen update
678.350  000.003: --- NVIM STARTED ---
